<?xml version="1.0" encoding="UTF-8"?>
<testng-results ignored="0" total="1" passed="1" failed="0" skipped="0">
  <reporter-output>
  </reporter-output>
  <suite started-at="2021-04-21T11:34:24 BDT" name="Suite" finished-at="2021-04-21T11:34:59 BDT" duration-ms="35193">
    <groups>
    </groups>
    <test started-at="2021-04-21T11:34:24 BDT" name="Test" finished-at="2021-04-21T11:34:59 BDT" duration-ms="35193">
      <class name="com.openCart.testcase.DD_TC_Login_003">
        <test-method is-config="true" signature="setup(java.lang.String)[pri:0, instance:com.openCart.testcase.DD_TC_Login_003@72cde7cc]" started-at="2021-04-21T11:34:24 BDT" name="setup" finished-at="2021-04-21T11:34:28 BDT" duration-ms="4239" status="PASS">
          <params>
            <param index="0">
              <value>
                <![CDATA[firefox]]>
              </value>
            </param>
          </params>
          <reporter-output>
          </reporter-output>
        </test-method> <!-- setup -->
        <test-method signature="LoginTest()[pri:0, instance:com.openCart.testcase.DD_TC_Login_003@72cde7cc]" started-at="2021-04-21T11:34:28 BDT" name="LoginTest" finished-at="2021-04-21T11:34:55 BDT" duration-ms="26480" status="PASS">
          <reporter-output>
          </reporter-output>
        </test-method> <!-- LoginTest -->
        <test-method is-config="true" signature="teardown()[pri:0, instance:com.openCart.testcase.DD_TC_Login_003@72cde7cc]" started-at="2021-04-21T11:34:55 BDT" name="teardown" finished-at="2021-04-21T11:34:59 BDT" duration-ms="4272" status="PASS">
          <reporter-output>
          </reporter-output>
        </test-method> <!-- teardown -->
      </class> <!-- com.openCart.testcase.DD_TC_Login_003 -->
    </test> <!-- Test -->
  </suite> <!-- Suite -->
</testng-results>
